<?xml version="1.0" encoding="UTF-8"?>
<!-- Generated by org.testng.reporters.JUnitReportReporter -->
<testsuite hostname="DESKTOP-LIM5PU2" failures="0" tests="2" name="testScript.LoginTest" time="12.726" errors="0" timestamp="2025-03-21T12:30:04 IST" skipped="0">
  <testcase classname="testScript.LoginTest" name="verifyTheUserIsAbleToLoginUsingValidCredentials" time="8.150"/>
  <testcase classname="testScript.LoginTest" name="verifyTheUserIsNotAbleToLoginWithIncorrectUsernameAndPassword" time="4.576"/>
</testsuite> <!-- testScript.LoginTest -->
