<?xml version="1.0" encoding="UTF-8"?>
<!-- Generated by org.testng.reporters.JUnitReportReporter -->
<testsuite hostname="DESKTOP-LIM5PU2" failures="0" tests="1" name="testScript.ManageNewsTest" time="16.325" errors="0" timestamp="2025-03-18T11:06:51 IST" skipped="0">
  <testcase classname="testScript.ManageNewsTest" name="verifyTheUserIsAccessManageNewsTab" time="16.325"/>
</testsuite> <!-- testScript.ManageNewsTest -->
