<?xml version="1.0" encoding="UTF-8"?>
<!-- Generated by org.testng.reporters.JUnitReportReporter -->
<testsuite hostname="DESKTOP-LIM5PU2" failures="0" tests="1" name="testScript.LoginTest2" time="9.540" errors="0" timestamp="2025-03-07T10:36:05 IST" skipped="0">
  <testcase classname="testScript.LoginTest2" name="verifyTheUserIsNotAbleAccessManageNewsTab" time="9.540"/>
</testsuite> <!-- testScript.LoginTest2 -->
