<?xml version="1.0" encoding="UTF-8"?>
<!-- Generated by org.testng.reporters.JUnitReportReporter -->
<testsuite hostname="DESKTOP-LIM5PU2" failures="0" tests="2" name="testScript.LoginTest" time="17.245" errors="0" timestamp="2025-03-21T12:17:38 IST" skipped="0">
  <testcase classname="testScript.LoginTest" name="verifyTheUserIsNotAbleToLoginWithIncorrectUsernameAndPassword" time="11.124"/>
  <testcase classname="testScript.LoginTest" name="verifyTheUserIsAbleToLoginUsingValidCredentials" time="6.121"/>
</testsuite> <!-- testScript.LoginTest -->
