<?xml version="1.0" encoding="UTF-8"?>
<!-- Generated by org.testng.reporters.JUnitReportReporter -->
<testsuite hostname="DESKTOP-LIM5PU2" failures="0" tests="1" name="testScript.Login" time="9.043" errors="0" timestamp="2025-03-04T11:10:53 IST" skipped="0">
  <testcase classname="testScript.Login" name="login" time="9.043"/>
</testsuite> <!-- testScript.Login -->
